  [1m[35m (27055.5ms)[0m  [1m[35mCREATE DATABASE "sneaker_head_api_development" ENCODING = 'unicode'[0m
  [1m[35m (273.1ms)[0m  [1m[35mCREATE DATABASE "sneaker_head_api_test" ENCODING = 'unicode'[0m
  [1m[35m (269.7ms)[0m  [1m[35mCREATE TABLE "schema_migrations" ("version" character varying NOT NULL PRIMARY KEY)[0m
  [1m[35m (29.1ms)[0m  [1m[35mCREATE TABLE "ar_internal_metadata" ("key" character varying NOT NULL PRIMARY KEY, "value" character varying, "created_at" timestamp(6) NOT NULL, "updated_at" timestamp(6) NOT NULL)[0m
  [1m[35m (1.8ms)[0m  [1m[34mSELECT pg_try_advisory_lock(5744435404883679000)[0m
  [1m[35m (0.9ms)[0m  [1m[34mSELECT "schema_migrations"."version" FROM "schema_migrations" ORDER BY "schema_migrations"."version" ASC[0m
Migrating to CreateShoes (20200509150529)
  [1m[35m (0.2ms)[0m  [1m[35mBEGIN[0m
  [1m[35m (157.8ms)[0m  [1m[35mCREATE TABLE "shoes" ("id" bigserial primary key, "image_url" character varying, "name" character varying, "brand" character varying, "year" integer, "description" character varying)[0m
  [1m[36mprimary::SchemaMigration Create (0.5ms)[0m  [1m[32mINSERT INTO "schema_migrations" ("version") VALUES ($1) RETURNING "version"[0m  [["version", "20200509150529"]]
  [1m[35m (0.5ms)[0m  [1m[35mCOMMIT[0m
  [1m[36mActiveRecord::InternalMetadata Load (0.3ms)[0m  [1m[34mSELECT "ar_internal_metadata".* FROM "ar_internal_metadata" WHERE "ar_internal_metadata"."key" = $1 LIMIT $2[0m  [["key", "environment"], ["LIMIT", 1]]
  [1m[35m (0.1ms)[0m  [1m[35mBEGIN[0m
  [1m[36mActiveRecord::InternalMetadata Create (49.4ms)[0m  [1m[32mINSERT INTO "ar_internal_metadata" ("key", "value", "created_at", "updated_at") VALUES ($1, $2, $3, $4) RETURNING "key"[0m  [["key", "environment"], ["value", "development"], ["created_at", "2020-05-09 16:46:26.449103"], ["updated_at", "2020-05-09 16:46:26.449103"]]
  [1m[35m (41.4ms)[0m  [1m[35mCOMMIT[0m
  [1m[35m (0.4ms)[0m  [1m[34mSELECT pg_advisory_unlock(5744435404883679000)[0m
  [1m[35m (0.7ms)[0m  [1m[34mSELECT "schema_migrations"."version" FROM "schema_migrations" ORDER BY "schema_migrations"."version" ASC[0m
  [1m[35m (1.9ms)[0m  [1m[34mSELECT "schema_migrations"."version" FROM "schema_migrations" ORDER BY "schema_migrations"."version" ASC[0m
  [1m[35m (1.8ms)[0m  [1m[34mSELECT "schema_migrations"."version" FROM "schema_migrations" ORDER BY "schema_migrations"."version" ASC[0m
  [1m[35m (0.2ms)[0m  [1m[35mBEGIN[0m
  [1m[36mShoe Create (5.2ms)[0m  [1m[32mINSERT INTO "shoes" ("image_url", "name", "brand", "year") VALUES ($1, $2, $3, $4) RETURNING "id"[0m  [["image_url", "https://jordansdaily.com/wp-content/uploads/2016/08/air-jordan-1-ko-navy-sail-1.jpg"], ["name", "Air Jordan 1 Retro High KO"], ["brand", "NIKE"], ["year", 2016]]
  [1m[35m (58.1ms)[0m  [1m[35mCOMMIT[0m
  [1m[35m (0.1ms)[0m  [1m[35mBEGIN[0m
  [1m[36mShoe Create (0.3ms)[0m  [1m[32mINSERT INTO "shoes" ("image_url", "name", "brand", "year") VALUES ($1, $2, $3, $4) RETURNING "id"[0m  [["image_url", "https://media.finishline.com/i/finishline/FV3284_100_P1?$Main_gray$&bg=rgb(237,237,237)"], ["name", "Adidas Superstar Classics"], ["brand", "Adidas"], ["year", 1969]]
  [1m[35m (0.4ms)[0m  [1m[35mCOMMIT[0m
  [1m[35m (0.1ms)[0m  [1m[35mBEGIN[0m
  [1m[36mShoe Create (0.2ms)[0m  [1m[32mINSERT INTO "shoes" ("image_url", "name", "brand", "year") VALUES ($1, $2, $3, $4) RETURNING "id"[0m  [["image_url", "https://cdn.flightclub.com/3500/TEMPLATE/801340/3.jpg"], ["name", "NIKE SB Zoom Dunk High Prem WHAT THE"], ["brand", "NIKE"], ["year", 2017]]
  [1m[35m (0.4ms)[0m  [1m[35mCOMMIT[0m
  [1m[35m (0.1ms)[0m  [1m[35mBEGIN[0m
  [1m[36mShoe Create (0.4ms)[0m  [1m[32mINSERT INTO "shoes" ("image_url", "name", "brand", "year") VALUES ($1, $2, $3, $4) RETURNING "id"[0m  [["image_url", "https://cdn.flightclub.com/3500/TEMPLATE/041683/1.jpg"], ["name", "LEBRON 9 P.S. ELITE SOUTH BEACH"], ["brand", "NIKE"], ["year", 2012]]
  [1m[35m (0.4ms)[0m  [1m[35mCOMMIT[0m
  [1m[35m (0.1ms)[0m  [1m[35mBEGIN[0m
  [1m[36mShoe Create (0.2ms)[0m  [1m[32mINSERT INTO "shoes" ("image_url", "name", "brand", "year") VALUES ($1, $2, $3, $4) RETURNING "id"[0m  [["image_url", "https://c.static-nike.com/a/images/t_PDP_864_v1/f_auto,b_rgb:f5f5f5/gsuin11ptg5qgktmzoat/air-force-1-07-mens-shoe-JkTGzADv.jpg"], ["name", "NIKE Air Force 1 07"], ["brand", "NIKE"], ["year", 1982]]
  [1m[35m (0.4ms)[0m  [1m[35mCOMMIT[0m
  [1m[35m (0.1ms)[0m  [1m[35mBEGIN[0m
  [1m[36mShoe Create (0.3ms)[0m  [1m[32mINSERT INTO "shoes" ("image_url", "name", "brand", "year") VALUES ($1, $2, $3, $4) RETURNING "id"[0m  [["image_url", "https://www.converse.com/dw/image/v2/BCZC_PRD/on/demandware.static/-/Sites-cnv-master-catalog/default/dw21e7e695/images/a_107/M9160_A_107X1.jpg?sw=964"], ["name", "Chuck Taylor ALL STAR"], ["brand", "Converse"], ["year", 1917]]
  [1m[35m (0.4ms)[0m  [1m[35mCOMMIT[0m
  [1m[36mShoe Load (0.4ms)[0m  [1m[34mSELECT "shoes".* FROM "shoes" LIMIT $1[0m  [["LIMIT", 11]]
Started GET "/" for ::1 at 2020-05-09 14:39:45 -0400
  [1m[35m (1.0ms)[0m  [1m[34mSELECT "schema_migrations"."version" FROM "schema_migrations" ORDER BY "schema_migrations"."version" ASC[0m
Processing by Rails::WelcomeController#index as HTML
  Rendering /Library/Ruby/Gems/2.6.0/gems/railties-6.0.3/lib/rails/templates/rails/welcome/index.html.erb
  Rendered /Library/Ruby/Gems/2.6.0/gems/railties-6.0.3/lib/rails/templates/rails/welcome/index.html.erb (Duration: 11.5ms | Allocations: 478)
Completed 200 OK in 35ms (Views: 18.2ms | ActiveRecord: 0.0ms | Allocations: 2619)


Started GET "/favicon.ico" for ::1 at 2020-05-09 14:39:46 -0400
  
ActionController::RoutingError (No route matches [GET] "/favicon.ico"):
  
actionpack (6.0.3) lib/action_dispatch/middleware/debug_exceptions.rb:36:in `call'
actionpack (6.0.3) lib/action_dispatch/middleware/show_exceptions.rb:33:in `call'
railties (6.0.3) lib/rails/rack/logger.rb:37:in `call_app'
railties (6.0.3) lib/rails/rack/logger.rb:26:in `block in call'
activesupport (6.0.3) lib/active_support/tagged_logging.rb:80:in `block in tagged'
activesupport (6.0.3) lib/active_support/tagged_logging.rb:28:in `tagged'
activesupport (6.0.3) lib/active_support/tagged_logging.rb:80:in `tagged'
railties (6.0.3) lib/rails/rack/logger.rb:26:in `call'
actionpack (6.0.3) lib/action_dispatch/middleware/remote_ip.rb:81:in `call'
actionpack (6.0.3) lib/action_dispatch/middleware/request_id.rb:27:in `call'
rack (2.2.2) lib/rack/runtime.rb:22:in `call'
activesupport (6.0.3) lib/active_support/cache/strategy/local_cache_middleware.rb:29:in `call'
actionpack (6.0.3) lib/action_dispatch/middleware/executor.rb:14:in `call'
actionpack (6.0.3) lib/action_dispatch/middleware/static.rb:126:in `call'
rack (2.2.2) lib/rack/sendfile.rb:110:in `call'
actionpack (6.0.3) lib/action_dispatch/middleware/host_authorization.rb:82:in `call'
railties (6.0.3) lib/rails/engine.rb:527:in `call'
puma (4.3.3) lib/puma/configuration.rb:228:in `call'
puma (4.3.3) lib/puma/server.rb:682:in `handle_request'
puma (4.3.3) lib/puma/server.rb:472:in `process_client'
puma (4.3.3) lib/puma/server.rb:328:in `block in run'
puma (4.3.3) lib/puma/thread_pool.rb:134:in `block in spawn_thread'
Started GET "/shoes" for ::1 at 2020-05-09 14:53:35 -0400
  
SyntaxError (/Users/joserodriguez/Desktop/Sneaker_head/sneaker_head_api/config/routes.rb:3: syntax error, unexpected ':', expecting end
  resources: :shoes
           ^
/Users/joserodriguez/Desktop/Sneaker_head/sneaker_head_api/config/routes.rb:4: syntax error, unexpected end, expecting end-of-input):
  
config/routes.rb:3: syntax error, unexpected ':', expecting end
config/routes.rb:4: syntax error, unexpected end, expecting end-of-input
config/routes.rb:3: syntax error, unexpected ':', expecting end
config/routes.rb:4: syntax error, unexpected end, expecting end-of-input
Started GET "/shoes" for ::1 at 2020-05-09 14:54:49 -0400
  
NameError (uninitialized constant ApplicationsController
Did you mean?  ApplicationController):
  
app/controllers/shoes_controller.rb:1:in `<main>'
Started GET "/shoes" for ::1 at 2020-05-09 14:55:12 -0400
Processing by ShoesController#index as HTML
  [1m[36mShoe Load (0.9ms)[0m  [1m[34mSELECT "shoes".* FROM "shoes"[0m
  ↳ app/controllers/shoes_controller.rb:4:in `index'
Completed 200 OK in 75ms (Views: 7.7ms | ActiveRecord: 9.5ms | Allocations: 6211)


Started GET "/shoes/1" for ::1 at 2020-05-09 15:09:07 -0400
Processing by ShoesController#show as HTML
  Parameters: {"id"=>"1"}
  [1m[36mShoe Load (0.5ms)[0m  [1m[34mSELECT "shoes".* FROM "shoes" WHERE "shoes"."id" = $1 LIMIT $2[0m  [["id", 1], ["LIMIT", 1]]
  ↳ app/controllers/shoes_controller.rb:9:in `show'
Completed 200 OK in 81ms (Views: 0.2ms | ActiveRecord: 1.2ms | Allocations: 5249)


Started GET "/shoes" for ::1 at 2020-05-09 15:15:48 -0400
Processing by ShoesController#index as HTML
  [1m[36mShoe Load (0.9ms)[0m  [1m[34mSELECT "shoes".* FROM "shoes"[0m
  ↳ app/controllers/shoes_controller.rb:5:in `index'
Completed 200 OK in 180ms (Views: 7.1ms | ActiveRecord: 0.9ms | Allocations: 5607)


Started POST "/shoes" for ::1 at 2020-05-09 15:24:05 -0400
Processing by ShoesController#create as */*
  Parameters: {"shoe"=>{"image_url"=>"https://static.nike.com/a/images/t_PDP_864_v1/f_auto,b_rgb:f5f5f5,q_80/4c4f6392-6a4c-4e01-8aec-1e53ea5f9dcb/air-max-2090-mens-shoe-Kjct9t.jpg", "name"=>"Nike Air Max 2090", "brand"=>"Nike", "year"=>"2020"}}
Completed 500 Internal Server Error in 225ms (ActiveRecord: 0.0ms | Allocations: 70197)


  
NameError (undefined local variable or method `shoe_params' for #<ShoesController:0x00007fb1f1a61940>
Did you mean?  shoe_path):
  
app/controllers/shoes_controller.rb:14:in `create'
Started GET "/shoes" for ::1 at 2020-05-09 15:24:52 -0400
Processing by ShoesController#index as HTML
  [1m[36mShoe Load (0.8ms)[0m  [1m[34mSELECT "shoes".* FROM "shoes"[0m
  ↳ app/controllers/shoes_controller.rb:5:in `index'
Completed 200 OK in 3ms (Views: 1.6ms | ActiveRecord: 0.8ms | Allocations: 1585)


Started POST "/shoes" for ::1 at 2020-05-09 15:26:19 -0400
Processing by ShoesController#create as */*
  Parameters: {"shoe"=>{"name"=>"Nike Air Max 2090", "brand"=>"Nike", "year"=>"2020"}}
Completed 500 Internal Server Error in 197ms (ActiveRecord: 0.0ms | Allocations: 70140)


  
NameError (undefined local variable or method `shoe_params' for #<ShoesController:0x00007fb1f0bcce98>
Did you mean?  shoe_path):
  
app/controllers/shoes_controller.rb:14:in `create'
Started GET "/shoes" for ::1 at 2020-05-09 15:26:31 -0400
Processing by ShoesController#index as HTML
  [1m[36mShoe Load (0.4ms)[0m  [1m[34mSELECT "shoes".* FROM "shoes"[0m
  ↳ app/controllers/shoes_controller.rb:5:in `index'
Completed 200 OK in 3ms (Views: 2.6ms | ActiveRecord: 0.4ms | Allocations: 1523)


Started POST "/shoes" for ::1 at 2020-05-09 15:29:13 -0400
Processing by ShoesController#create as */*
  Parameters: {"shoe"=>{"image_url"=>"https://static.nike.com/a/images/t_PDP_864_v1/f_auto,b_rgb:f5f5f5/f0d870b0-6501-4782-9d09-cf0080935c16/air-max-2090-mens-shoe-Kjct9t.jpg", "name"=>"Nike Air Max 2090", "brand"=>"Nike", "year"=>"2020"}}
Completed 500 Internal Server Error in 179ms (ActiveRecord: 0.0ms | Allocations: 70173)


  
NameError (undefined local variable or method `shoe_params' for #<ShoesController:0x00007fb1f0839088>
Did you mean?  shoe_path):
  
app/controllers/shoes_controller.rb:14:in `create'
Started POST "/shoes" for ::1 at 2020-05-09 15:34:27 -0400
Processing by ShoesController#create as */*
  Parameters: {"shoe"=>{"image_url"=>"https://static.nike.com/a/images/t_PDP_864_v1/f_auto,b_rgb:f5f5f5/f0d870b0-6501-4782-9d09-cf0080935c16/air-max-2090-mens-shoe-Kjct9t.jpg", "name"=>"Nike Air Max 2090", "brand"=>"Nike", "year"=>"2020"}}
  [1m[35m (0.3ms)[0m  [1m[35mBEGIN[0m
  ↳ app/controllers/shoes_controller.rb:16:in `create'
  [1m[36mShoe Create (0.9ms)[0m  [1m[32mINSERT INTO "shoes" ("image_url", "name", "brand", "year") VALUES ($1, $2, $3, $4) RETURNING "id"[0m  [["image_url", "https://static.nike.com/a/images/t_PDP_864_v1/f_auto,b_rgb:f5f5f5/f0d870b0-6501-4782-9d09-cf0080935c16/air-max-2090-mens-shoe-Kjct9t.jpg"], ["name", "Nike Air Max 2090"], ["brand", "Nike"], ["year", 2020]]
  ↳ app/controllers/shoes_controller.rb:16:in `create'
  [1m[35m (24.6ms)[0m  [1m[35mCOMMIT[0m
  ↳ app/controllers/shoes_controller.rb:16:in `create'
Completed 201 Created in 89ms (Views: 0.3ms | ActiveRecord: 38.2ms | Allocations: 6939)


